[4.097s] DEBUG:colcon:Command line arguments: ['/usr/bin/colcon', 'build']
[4.097s] DEBUG:colcon:Parsed command line arguments: Namespace(allow_overriding=[], ament_cmake_args=None, base_paths=['.'], build_base='build', catkin_cmake_args=None, catkin_skip_building_tests=False, cmake_args=None, cmake_clean_cache=False, cmake_clean_first=False, cmake_force_configure=False, cmake_target=None, cmake_target_skip_unavailable=False, continue_on_error=False, event_handlers=None, executor='parallel', ignore_user_meta=False, install_base='install', log_base=None, log_level=None, main=<bound method BuildVerb.main of <colcon_core.verb.build.BuildVerb object at 0x7f918ee30910>>, merge_install=False, metas=['./colcon.meta'], packages_above=None, packages_above_and_dependencies=None, packages_above_depth=None, packages_end=None, packages_ignore=None, packages_ignore_regex=None, packages_select=None, packages_select_build_failed=False, packages_select_by_dep=None, packages_select_regex=None, packages_select_test_failures=False, packages_skip=None, packages_skip_build_finished=False, packages_skip_by_dep=None, packages_skip_regex=None, packages_skip_test_passed=False, packages_skip_up_to=None, packages_start=None, packages_up_to=None, packages_up_to_regex=None, parallel_workers=4, paths=None, symlink_install=False, test_result_base=None, verb_extension=<colcon_core.verb.build.BuildVerb object at 0x7f918ee30910>, verb_name='build', verb_parser=<colcon_defaults.argument_parser.defaults.DefaultArgumentsDecorator object at 0x7f918ee5c160>)
[4.463s] Level 1:colcon.colcon_core.package_discovery:discover_packages(colcon_meta) check parameters
[4.463s] Level 1:colcon.colcon_core.package_discovery:discover_packages(recursive) check parameters
[4.463s] Level 1:colcon.colcon_core.package_discovery:discover_packages(ignore) check parameters
[4.463s] Level 1:colcon.colcon_core.package_discovery:discover_packages(path) check parameters
[4.463s] Level 1:colcon.colcon_core.package_discovery:discover_packages(colcon_meta) discover
[4.463s] Level 1:colcon.colcon_core.package_discovery:discover_packages(recursive) discover
[4.463s] INFO:colcon.colcon_core.package_discovery:Crawling recursively for packages in '/home/kanzie/Desktop/test_ws/src'
[4.464s] Level 1:colcon.colcon_core.package_identification:_identify(.) by extensions ['ignore', 'ignore_ament_install']
[4.464s] Level 1:colcon.colcon_core.package_identification:_identify(.) by extension 'ignore'
[4.464s] Level 1:colcon.colcon_core.package_identification:_identify(.) by extension 'ignore_ament_install'
[4.464s] Level 1:colcon.colcon_core.package_identification:_identify(.) by extensions ['colcon_pkg']
[4.464s] Level 1:colcon.colcon_core.package_identification:_identify(.) by extension 'colcon_pkg'
[4.464s] Level 1:colcon.colcon_core.package_identification:_identify(.) by extensions ['colcon_meta']
[4.464s] Level 1:colcon.colcon_core.package_identification:_identify(.) by extension 'colcon_meta'
[4.464s] Level 1:colcon.colcon_core.package_identification:_identify(.) by extensions ['ros']
[4.464s] Level 1:colcon.colcon_core.package_identification:_identify(.) by extension 'ros'
[4.513s] Level 1:colcon.colcon_core.package_identification:_identify(.) by extensions ['cmake', 'python']
[4.513s] Level 1:colcon.colcon_core.package_identification:_identify(.) by extension 'cmake'
[4.513s] Level 1:colcon.colcon_core.package_identification:_identify(.) by extension 'python'
[4.513s] Level 1:colcon.colcon_core.package_identification:_identify(.) by extensions ['python_setup_py']
[4.513s] Level 1:colcon.colcon_core.package_identification:_identify(.) by extension 'python_setup_py'
[4.514s] Level 1:colcon.colcon_core.package_identification:_identify(build) by extensions ['ignore', 'ignore_ament_install']
[4.514s] Level 1:colcon.colcon_core.package_identification:_identify(build) by extension 'ignore'
[4.514s] Level 1:colcon.colcon_core.package_identification:_identify(build) ignored
[4.514s] Level 1:colcon.colcon_core.package_identification:_identify(install) by extensions ['ignore', 'ignore_ament_install']
[4.514s] Level 1:colcon.colcon_core.package_identification:_identify(install) by extension 'ignore'
[4.514s] Level 1:colcon.colcon_core.package_identification:_identify(install) ignored
[4.514s] Level 1:colcon.colcon_core.package_identification:_identify(log) by extensions ['ignore', 'ignore_ament_install']
[4.514s] Level 1:colcon.colcon_core.package_identification:_identify(log) by extension 'ignore'
[4.514s] Level 1:colcon.colcon_core.package_identification:_identify(log) ignored
[4.515s] Level 1:colcon.colcon_core.package_identification:_identify(test_pkg) by extensions ['ignore', 'ignore_ament_install']
[4.515s] Level 1:colcon.colcon_core.package_identification:_identify(test_pkg) by extension 'ignore'
[4.515s] Level 1:colcon.colcon_core.package_identification:_identify(test_pkg) by extension 'ignore_ament_install'
[4.515s] Level 1:colcon.colcon_core.package_identification:_identify(test_pkg) by extensions ['colcon_pkg']
[4.515s] Level 1:colcon.colcon_core.package_identification:_identify(test_pkg) by extension 'colcon_pkg'
[4.515s] Level 1:colcon.colcon_core.package_identification:_identify(test_pkg) by extensions ['colcon_meta']
[4.515s] Level 1:colcon.colcon_core.package_identification:_identify(test_pkg) by extension 'colcon_meta'
[4.515s] Level 1:colcon.colcon_core.package_identification:_identify(test_pkg) by extensions ['ros']
[4.515s] Level 1:colcon.colcon_core.package_identification:_identify(test_pkg) by extension 'ros'
[4.539s] DEBUG:colcon.colcon_core.package_identification:Package 'test_pkg' with type 'ros.ament_python' and name 'test_pkg'
[4.539s] Level 1:colcon.colcon_core.package_discovery:discover_packages(recursive) using defaults
[4.539s] Level 1:colcon.colcon_core.package_discovery:discover_packages(ignore) discover
[4.539s] Level 1:colcon.colcon_core.package_discovery:discover_packages(ignore) using defaults
[4.539s] Level 1:colcon.colcon_core.package_discovery:discover_packages(path) discover
[4.539s] Level 1:colcon.colcon_core.package_discovery:discover_packages(path) using defaults
[4.900s] Level 1:colcon.colcon_core.package_discovery:discover_packages(prefix_path) check parameters
[4.901s] Level 1:colcon.colcon_core.package_discovery:discover_packages(prefix_path) discover
[5.010s] DEBUG:colcon.colcon_installed_package_information.package_discovery:Found 1 installed packages in /home/kanzie/Desktop/test_ws/install
[5.060s] DEBUG:colcon.colcon_installed_package_information.package_discovery:Found 256 installed packages in /opt/ros/foxy
[5.062s] Level 1:colcon.colcon_core.package_discovery:discover_packages(prefix_path) using defaults
[6.017s] Level 5:colcon.colcon_core.verb:set package 'test_pkg' build argument 'cmake_args' from command line to 'None'
[6.017s] Level 5:colcon.colcon_core.verb:set package 'test_pkg' build argument 'cmake_target' from command line to 'None'
[6.017s] Level 5:colcon.colcon_core.verb:set package 'test_pkg' build argument 'cmake_target_skip_unavailable' from command line to 'False'
[6.017s] Level 5:colcon.colcon_core.verb:set package 'test_pkg' build argument 'cmake_clean_cache' from command line to 'False'
[6.017s] Level 5:colcon.colcon_core.verb:set package 'test_pkg' build argument 'cmake_clean_first' from command line to 'False'
[6.017s] Level 5:colcon.colcon_core.verb:set package 'test_pkg' build argument 'cmake_force_configure' from command line to 'False'
[6.017s] Level 5:colcon.colcon_core.verb:set package 'test_pkg' build argument 'ament_cmake_args' from command line to 'None'
[6.017s] Level 5:colcon.colcon_core.verb:set package 'test_pkg' build argument 'catkin_cmake_args' from command line to 'None'
[6.017s] Level 5:colcon.colcon_core.verb:set package 'test_pkg' build argument 'catkin_skip_building_tests' from command line to 'False'
[6.017s] DEBUG:colcon.colcon_core.verb:Building package 'test_pkg' with the following arguments: {'ament_cmake_args': None, 'build_base': '/home/kanzie/Desktop/test_ws/src/build/test_pkg', 'catkin_cmake_args': None, 'catkin_skip_building_tests': False, 'cmake_args': None, 'cmake_clean_cache': False, 'cmake_clean_first': False, 'cmake_force_configure': False, 'cmake_target': None, 'cmake_target_skip_unavailable': False, 'install_base': '/home/kanzie/Desktop/test_ws/src/install/test_pkg', 'merge_install': False, 'path': '/home/kanzie/Desktop/test_ws/src/test_pkg', 'symlink_install': False, 'test_result_base': None}
[6.064s] INFO:colcon.colcon_core.executor:Executing jobs using 'parallel' executor
[6.114s] DEBUG:colcon.colcon_parallel_executor.executor.parallel:run_until_complete
[6.114s] INFO:colcon.colcon_ros.task.ament_python.build:Building ROS package in '/home/kanzie/Desktop/test_ws/src/test_pkg' with build type 'ament_python'
[6.115s] Level 1:colcon.colcon_core.shell:create_environment_hook('test_pkg', 'ament_prefix_path')
[6.175s] INFO:colcon.colcon_core.plugin_system:Skipping extension 'colcon_core.shell.bat': Not used on non-Windows systems
[6.176s] INFO:colcon.colcon_core.shell:Creating environment hook '/home/kanzie/Desktop/test_ws/src/install/test_pkg/share/test_pkg/hook/ament_prefix_path.ps1'
[6.177s] INFO:colcon.colcon_core.shell:Creating environment descriptor '/home/kanzie/Desktop/test_ws/src/install/test_pkg/share/test_pkg/hook/ament_prefix_path.dsv'
[6.188s] INFO:colcon.colcon_core.shell:Creating environment hook '/home/kanzie/Desktop/test_ws/src/install/test_pkg/share/test_pkg/hook/ament_prefix_path.sh'
[6.248s] INFO:colcon.colcon_core.shell:Skip shell extension 'powershell' for command environment: Not usable outside of PowerShell
[6.248s] DEBUG:colcon.colcon_core.shell:Skip shell extension 'dsv' for command environment
[6.730s] INFO:colcon.colcon_core.task.python.build:Building Python package in '/home/kanzie/Desktop/test_ws/src/test_pkg'
[6.777s] INFO:colcon.colcon_core.shell:Skip shell extension 'powershell' for command environment: Not usable outside of PowerShell
[6.777s] DEBUG:colcon.colcon_core.shell:Skip shell extension 'dsv' for command environment
[8.341s] DEBUG:colcon.colcon_core.event_handler.log_command:Invoking command in '/home/kanzie/Desktop/test_ws/src/test_pkg': PYTHONPATH=/home/kanzie/Desktop/test_ws/src/build/test_pkg/prefix_override:/home/kanzie/Desktop/test_ws/src/install/test_pkg/lib/python3.8/site-packages:${PYTHONPATH} /usr/bin/python3 setup.py egg_info --egg-base ../build/test_pkg build --build-base /home/kanzie/Desktop/test_ws/src/build/test_pkg/build install --record /home/kanzie/Desktop/test_ws/src/build/test_pkg/install.log --install-scripts $base/lib/test_pkg --single-version-externally-managed
[8.758s] DEBUG:colcon.colcon_core.event_handler.log_command:Invoked command in '/home/kanzie/Desktop/test_ws/src/test_pkg' returned '0': PYTHONPATH=/home/kanzie/Desktop/test_ws/src/build/test_pkg/prefix_override:/home/kanzie/Desktop/test_ws/src/install/test_pkg/lib/python3.8/site-packages:${PYTHONPATH} /usr/bin/python3 setup.py egg_info --egg-base ../build/test_pkg build --build-base /home/kanzie/Desktop/test_ws/src/build/test_pkg/build install --record /home/kanzie/Desktop/test_ws/src/build/test_pkg/install.log --install-scripts $base/lib/test_pkg --single-version-externally-managed
[8.867s] Level 1:colcon.colcon_core.environment:checking '/home/kanzie/Desktop/test_ws/src/install/test_pkg' for CMake module files
[8.867s] Level 1:colcon.colcon_core.environment:checking '/home/kanzie/Desktop/test_ws/src/install/test_pkg' for CMake config files
[8.868s] Level 1:colcon.colcon_core.environment:checking '/home/kanzie/Desktop/test_ws/src/install/test_pkg/lib'
[8.868s] Level 1:colcon.colcon_core.environment:checking '/home/kanzie/Desktop/test_ws/src/install/test_pkg/bin'
[8.868s] Level 1:colcon.colcon_core.environment:checking '/home/kanzie/Desktop/test_ws/src/install/test_pkg/lib/pkgconfig/test_pkg.pc'
[8.869s] Level 1:colcon.colcon_core.environment:checking '/home/kanzie/Desktop/test_ws/src/install/test_pkg/lib/python3.8/site-packages'
[8.869s] Level 1:colcon.colcon_core.shell:create_environment_hook('test_pkg', 'pythonpath')
[8.919s] INFO:colcon.colcon_core.shell:Creating environment hook '/home/kanzie/Desktop/test_ws/src/install/test_pkg/share/test_pkg/hook/pythonpath.ps1'
[8.919s] INFO:colcon.colcon_core.shell:Creating environment descriptor '/home/kanzie/Desktop/test_ws/src/install/test_pkg/share/test_pkg/hook/pythonpath.dsv'
[8.920s] INFO:colcon.colcon_core.shell:Creating environment hook '/home/kanzie/Desktop/test_ws/src/install/test_pkg/share/test_pkg/hook/pythonpath.sh'
[8.920s] Level 1:colcon.colcon_core.environment:checking '/home/kanzie/Desktop/test_ws/src/install/test_pkg/bin'
[8.920s] Level 1:colcon.colcon_core.environment:create_environment_scripts_only(test_pkg)
[8.974s] INFO:colcon.colcon_core.shell:Creating package script '/home/kanzie/Desktop/test_ws/src/install/test_pkg/share/test_pkg/package.ps1'
[8.976s] INFO:colcon.colcon_core.shell:Creating package descriptor '/home/kanzie/Desktop/test_ws/src/install/test_pkg/share/test_pkg/package.dsv'
[8.977s] INFO:colcon.colcon_core.shell:Creating package script '/home/kanzie/Desktop/test_ws/src/install/test_pkg/share/test_pkg/package.sh'
[8.978s] INFO:colcon.colcon_core.shell:Creating package script '/home/kanzie/Desktop/test_ws/src/install/test_pkg/share/test_pkg/package.bash'
[8.979s] INFO:colcon.colcon_core.shell:Creating package script '/home/kanzie/Desktop/test_ws/src/install/test_pkg/share/test_pkg/package.zsh'
[8.981s] Level 1:colcon.colcon_core.environment:create_file_with_runtime_dependencies(/home/kanzie/Desktop/test_ws/src/install/test_pkg/share/colcon-core/packages/test_pkg)
[8.981s] DEBUG:colcon.colcon_parallel_executor.executor.parallel:closing loop
[8.982s] DEBUG:colcon.colcon_parallel_executor.executor.parallel:loop closed
[8.982s] DEBUG:colcon.colcon_parallel_executor.executor.parallel:run_until_complete finished with '0'
[8.982s] DEBUG:colcon.colcon_core.event_reactor:joining thread
[9.086s] INFO:colcon.colcon_core.plugin_system:Skipping extension 'colcon_notification.desktop_notification.terminal_notifier': Not used on non-Darwin systems
[9.086s] INFO:colcon.colcon_core.plugin_system:Skipping extension 'colcon_notification.desktop_notification.win32': Not used on non-Windows systems
[9.086s] INFO:colcon.colcon_notification.desktop_notification:Sending desktop notification using 'notify2'
[9.117s] DEBUG:colcon.colcon_core.event_reactor:joined thread
[9.168s] INFO:colcon.colcon_core.shell:Creating prefix script '/home/kanzie/Desktop/test_ws/src/install/local_setup.ps1'
[9.170s] INFO:colcon.colcon_core.shell:Creating prefix util module '/home/kanzie/Desktop/test_ws/src/install/_local_setup_util_ps1.py'
[9.171s] INFO:colcon.colcon_core.shell:Creating prefix chain script '/home/kanzie/Desktop/test_ws/src/install/setup.ps1'
[9.226s] INFO:colcon.colcon_core.shell:Creating prefix script '/home/kanzie/Desktop/test_ws/src/install/local_setup.sh'
[9.227s] INFO:colcon.colcon_core.shell:Creating prefix util module '/home/kanzie/Desktop/test_ws/src/install/_local_setup_util_sh.py'
[9.227s] INFO:colcon.colcon_core.shell:Creating prefix chain script '/home/kanzie/Desktop/test_ws/src/install/setup.sh'
[9.281s] INFO:colcon.colcon_core.shell:Creating prefix script '/home/kanzie/Desktop/test_ws/src/install/local_setup.bash'
[9.282s] INFO:colcon.colcon_core.shell:Creating prefix chain script '/home/kanzie/Desktop/test_ws/src/install/setup.bash'
[9.338s] INFO:colcon.colcon_core.shell:Creating prefix script '/home/kanzie/Desktop/test_ws/src/install/local_setup.zsh'
[9.340s] INFO:colcon.colcon_core.shell:Creating prefix chain script '/home/kanzie/Desktop/test_ws/src/install/setup.zsh'
