[2.815s] DEBUG:colcon:Command line arguments: ['/usr/bin/colcon', 'build']
[2.815s] DEBUG:colcon:Parsed command line arguments: Namespace(allow_overriding=[], ament_cmake_args=None, base_paths=['.'], build_base='build', catkin_cmake_args=None, catkin_skip_building_tests=False, cmake_args=None, cmake_clean_cache=False, cmake_clean_first=False, cmake_force_configure=False, cmake_target=None, cmake_target_skip_unavailable=False, continue_on_error=False, event_handlers=None, executor='parallel', ignore_user_meta=False, install_base='install', log_base=None, log_level=None, main=<bound method BuildVerb.main of <colcon_core.verb.build.BuildVerb object at 0x7f58f9c34d00>>, merge_install=False, metas=['./colcon.meta'], packages_above=None, packages_above_and_dependencies=None, packages_above_depth=None, packages_end=None, packages_ignore=None, packages_ignore_regex=None, packages_select=None, packages_select_build_failed=False, packages_select_by_dep=None, packages_select_regex=None, packages_select_test_failures=False, packages_skip=None, packages_skip_build_finished=False, packages_skip_by_dep=None, packages_skip_regex=None, packages_skip_test_passed=False, packages_skip_up_to=None, packages_start=None, packages_up_to=None, packages_up_to_regex=None, parallel_workers=4, paths=None, symlink_install=False, test_result_base=None, verb_extension=<colcon_core.verb.build.BuildVerb object at 0x7f58f9c34d00>, verb_name='build', verb_parser=<colcon_defaults.argument_parser.defaults.DefaultArgumentsDecorator object at 0x7f58f9f5d580>)
[2.934s] Level 1:colcon.colcon_core.package_discovery:discover_packages(colcon_meta) check parameters
[2.934s] Level 1:colcon.colcon_core.package_discovery:discover_packages(recursive) check parameters
[2.934s] Level 1:colcon.colcon_core.package_discovery:discover_packages(ignore) check parameters
[2.934s] Level 1:colcon.colcon_core.package_discovery:discover_packages(path) check parameters
[2.934s] Level 1:colcon.colcon_core.package_discovery:discover_packages(colcon_meta) discover
[2.934s] Level 1:colcon.colcon_core.package_discovery:discover_packages(recursive) discover
[2.934s] INFO:colcon.colcon_core.package_discovery:Crawling recursively for packages in '/home/kanzie/Desktop/test_ws/src'
[2.934s] Level 1:colcon.colcon_core.package_identification:_identify(.) by extensions ['ignore', 'ignore_ament_install']
[2.934s] Level 1:colcon.colcon_core.package_identification:_identify(.) by extension 'ignore'
[2.934s] Level 1:colcon.colcon_core.package_identification:_identify(.) by extension 'ignore_ament_install'
[2.934s] Level 1:colcon.colcon_core.package_identification:_identify(.) by extensions ['colcon_pkg']
[2.934s] Level 1:colcon.colcon_core.package_identification:_identify(.) by extension 'colcon_pkg'
[2.935s] Level 1:colcon.colcon_core.package_identification:_identify(.) by extensions ['colcon_meta']
[2.935s] Level 1:colcon.colcon_core.package_identification:_identify(.) by extension 'colcon_meta'
[2.935s] Level 1:colcon.colcon_core.package_identification:_identify(.) by extensions ['ros']
[2.935s] Level 1:colcon.colcon_core.package_identification:_identify(.) by extension 'ros'
[2.948s] Level 1:colcon.colcon_core.package_identification:_identify(.) by extensions ['cmake', 'python']
[2.948s] Level 1:colcon.colcon_core.package_identification:_identify(.) by extension 'cmake'
[2.948s] Level 1:colcon.colcon_core.package_identification:_identify(.) by extension 'python'
[2.948s] Level 1:colcon.colcon_core.package_identification:_identify(.) by extensions ['python_setup_py']
[2.948s] Level 1:colcon.colcon_core.package_identification:_identify(.) by extension 'python_setup_py'
[2.948s] Level 1:colcon.colcon_core.package_identification:_identify(build) by extensions ['ignore', 'ignore_ament_install']
[2.948s] Level 1:colcon.colcon_core.package_identification:_identify(build) by extension 'ignore'
[2.948s] Level 1:colcon.colcon_core.package_identification:_identify(build) ignored
[2.949s] Level 1:colcon.colcon_core.package_identification:_identify(install) by extensions ['ignore', 'ignore_ament_install']
[2.949s] Level 1:colcon.colcon_core.package_identification:_identify(install) by extension 'ignore'
[2.949s] Level 1:colcon.colcon_core.package_identification:_identify(install) ignored
[2.949s] Level 1:colcon.colcon_core.package_identification:_identify(log) by extensions ['ignore', 'ignore_ament_install']
[2.949s] Level 1:colcon.colcon_core.package_identification:_identify(log) by extension 'ignore'
[2.949s] Level 1:colcon.colcon_core.package_identification:_identify(log) ignored
[2.949s] Level 1:colcon.colcon_core.package_identification:_identify(test_pkg) by extensions ['ignore', 'ignore_ament_install']
[2.949s] Level 1:colcon.colcon_core.package_identification:_identify(test_pkg) by extension 'ignore'
[2.949s] Level 1:colcon.colcon_core.package_identification:_identify(test_pkg) by extension 'ignore_ament_install'
[2.949s] Level 1:colcon.colcon_core.package_identification:_identify(test_pkg) by extensions ['colcon_pkg']
[2.949s] Level 1:colcon.colcon_core.package_identification:_identify(test_pkg) by extension 'colcon_pkg'
[2.949s] Level 1:colcon.colcon_core.package_identification:_identify(test_pkg) by extensions ['colcon_meta']
[2.949s] Level 1:colcon.colcon_core.package_identification:_identify(test_pkg) by extension 'colcon_meta'
[2.949s] Level 1:colcon.colcon_core.package_identification:_identify(test_pkg) by extensions ['ros']
[2.949s] Level 1:colcon.colcon_core.package_identification:_identify(test_pkg) by extension 'ros'
[2.952s] DEBUG:colcon.colcon_core.package_identification:Package 'test_pkg' with type 'ros.ament_python' and name 'test_pkg'
[2.952s] Level 1:colcon.colcon_core.package_discovery:discover_packages(recursive) using defaults
[2.952s] Level 1:colcon.colcon_core.package_discovery:discover_packages(ignore) discover
[2.952s] Level 1:colcon.colcon_core.package_discovery:discover_packages(ignore) using defaults
[2.952s] Level 1:colcon.colcon_core.package_discovery:discover_packages(path) discover
[2.952s] Level 1:colcon.colcon_core.package_discovery:discover_packages(path) using defaults
[3.215s] Level 1:colcon.colcon_core.package_discovery:discover_packages(prefix_path) check parameters
[3.215s] Level 1:colcon.colcon_core.package_discovery:discover_packages(prefix_path) discover
[3.312s] DEBUG:colcon.colcon_installed_package_information.package_discovery:Found 1 installed packages in /home/kanzie/Desktop/test_ws/install
[3.361s] DEBUG:colcon.colcon_installed_package_information.package_discovery:Found 256 installed packages in /opt/ros/foxy
[3.362s] Level 1:colcon.colcon_core.package_discovery:discover_packages(prefix_path) using defaults
[3.540s] Level 5:colcon.colcon_core.verb:set package 'test_pkg' build argument 'cmake_args' from command line to 'None'
[3.540s] Level 5:colcon.colcon_core.verb:set package 'test_pkg' build argument 'cmake_target' from command line to 'None'
[3.540s] Level 5:colcon.colcon_core.verb:set package 'test_pkg' build argument 'cmake_target_skip_unavailable' from command line to 'False'
[3.540s] Level 5:colcon.colcon_core.verb:set package 'test_pkg' build argument 'cmake_clean_cache' from command line to 'False'
[3.540s] Level 5:colcon.colcon_core.verb:set package 'test_pkg' build argument 'cmake_clean_first' from command line to 'False'
[3.540s] Level 5:colcon.colcon_core.verb:set package 'test_pkg' build argument 'cmake_force_configure' from command line to 'False'
[3.540s] Level 5:colcon.colcon_core.verb:set package 'test_pkg' build argument 'ament_cmake_args' from command line to 'None'
[3.540s] Level 5:colcon.colcon_core.verb:set package 'test_pkg' build argument 'catkin_cmake_args' from command line to 'None'
[3.540s] Level 5:colcon.colcon_core.verb:set package 'test_pkg' build argument 'catkin_skip_building_tests' from command line to 'False'
[3.540s] DEBUG:colcon.colcon_core.verb:Building package 'test_pkg' with the following arguments: {'ament_cmake_args': None, 'build_base': '/home/kanzie/Desktop/test_ws/src/build/test_pkg', 'catkin_cmake_args': None, 'catkin_skip_building_tests': False, 'cmake_args': None, 'cmake_clean_cache': False, 'cmake_clean_first': False, 'cmake_force_configure': False, 'cmake_target': None, 'cmake_target_skip_unavailable': False, 'install_base': '/home/kanzie/Desktop/test_ws/src/install/test_pkg', 'merge_install': False, 'path': '/home/kanzie/Desktop/test_ws/src/test_pkg', 'symlink_install': False, 'test_result_base': None}
[3.587s] INFO:colcon.colcon_core.executor:Executing jobs using 'parallel' executor
[3.635s] DEBUG:colcon.colcon_parallel_executor.executor.parallel:run_until_complete
[3.635s] INFO:colcon.colcon_ros.task.ament_python.build:Building ROS package in '/home/kanzie/Desktop/test_ws/src/test_pkg' with build type 'ament_python'
[3.635s] Level 1:colcon.colcon_core.shell:create_environment_hook('test_pkg', 'ament_prefix_path')
[3.686s] INFO:colcon.colcon_core.plugin_system:Skipping extension 'colcon_core.shell.bat': Not used on non-Windows systems
[3.686s] INFO:colcon.colcon_core.shell:Creating environment hook '/home/kanzie/Desktop/test_ws/src/install/test_pkg/share/test_pkg/hook/ament_prefix_path.ps1'
[3.687s] INFO:colcon.colcon_core.shell:Creating environment descriptor '/home/kanzie/Desktop/test_ws/src/install/test_pkg/share/test_pkg/hook/ament_prefix_path.dsv'
[3.688s] INFO:colcon.colcon_core.shell:Creating environment hook '/home/kanzie/Desktop/test_ws/src/install/test_pkg/share/test_pkg/hook/ament_prefix_path.sh'
[3.738s] INFO:colcon.colcon_core.shell:Skip shell extension 'powershell' for command environment: Not usable outside of PowerShell
[3.738s] DEBUG:colcon.colcon_core.shell:Skip shell extension 'dsv' for command environment
[4.167s] INFO:colcon.colcon_core.task.python.build:Building Python package in '/home/kanzie/Desktop/test_ws/src/test_pkg'
[4.216s] INFO:colcon.colcon_core.shell:Skip shell extension 'powershell' for command environment: Not usable outside of PowerShell
[4.216s] DEBUG:colcon.colcon_core.shell:Skip shell extension 'dsv' for command environment
[4.853s] DEBUG:colcon.colcon_core.event_handler.log_command:Invoking command in '/home/kanzie/Desktop/test_ws/src/test_pkg': PYTHONPATH=/home/kanzie/Desktop/test_ws/src/build/test_pkg/prefix_override:/home/kanzie/Desktop/test_ws/src/install/test_pkg/lib/python3.8/site-packages:${PYTHONPATH} /usr/bin/python3 setup.py egg_info --egg-base ../build/test_pkg build --build-base /home/kanzie/Desktop/test_ws/src/build/test_pkg/build install --record /home/kanzie/Desktop/test_ws/src/build/test_pkg/install.log --install-scripts $base/lib/test_pkg --single-version-externally-managed
[5.203s] DEBUG:colcon.colcon_core.event_handler.log_command:Invoked command in '/home/kanzie/Desktop/test_ws/src/test_pkg' returned '0': PYTHONPATH=/home/kanzie/Desktop/test_ws/src/build/test_pkg/prefix_override:/home/kanzie/Desktop/test_ws/src/install/test_pkg/lib/python3.8/site-packages:${PYTHONPATH} /usr/bin/python3 setup.py egg_info --egg-base ../build/test_pkg build --build-base /home/kanzie/Desktop/test_ws/src/build/test_pkg/build install --record /home/kanzie/Desktop/test_ws/src/build/test_pkg/install.log --install-scripts $base/lib/test_pkg --single-version-externally-managed
[5.255s] Level 1:colcon.colcon_core.environment:checking '/home/kanzie/Desktop/test_ws/src/install/test_pkg' for CMake module files
[5.256s] Level 1:colcon.colcon_core.environment:checking '/home/kanzie/Desktop/test_ws/src/install/test_pkg' for CMake config files
[5.257s] Level 1:colcon.colcon_core.environment:checking '/home/kanzie/Desktop/test_ws/src/install/test_pkg/lib'
[5.257s] Level 1:colcon.colcon_core.environment:checking '/home/kanzie/Desktop/test_ws/src/install/test_pkg/bin'
[5.257s] Level 1:colcon.colcon_core.environment:checking '/home/kanzie/Desktop/test_ws/src/install/test_pkg/lib/pkgconfig/test_pkg.pc'
[5.257s] Level 1:colcon.colcon_core.environment:checking '/home/kanzie/Desktop/test_ws/src/install/test_pkg/lib/python3.8/site-packages'
[5.257s] Level 1:colcon.colcon_core.shell:create_environment_hook('test_pkg', 'pythonpath')
[5.307s] INFO:colcon.colcon_core.shell:Creating environment hook '/home/kanzie/Desktop/test_ws/src/install/test_pkg/share/test_pkg/hook/pythonpath.ps1'
[5.307s] INFO:colcon.colcon_core.shell:Creating environment descriptor '/home/kanzie/Desktop/test_ws/src/install/test_pkg/share/test_pkg/hook/pythonpath.dsv'
[5.308s] INFO:colcon.colcon_core.shell:Creating environment hook '/home/kanzie/Desktop/test_ws/src/install/test_pkg/share/test_pkg/hook/pythonpath.sh'
[5.308s] Level 1:colcon.colcon_core.environment:checking '/home/kanzie/Desktop/test_ws/src/install/test_pkg/bin'
[5.308s] Level 1:colcon.colcon_core.environment:create_environment_scripts_only(test_pkg)
[5.358s] INFO:colcon.colcon_core.shell:Creating package script '/home/kanzie/Desktop/test_ws/src/install/test_pkg/share/test_pkg/package.ps1'
[5.359s] INFO:colcon.colcon_core.shell:Creating package descriptor '/home/kanzie/Desktop/test_ws/src/install/test_pkg/share/test_pkg/package.dsv'
[5.359s] INFO:colcon.colcon_core.shell:Creating package script '/home/kanzie/Desktop/test_ws/src/install/test_pkg/share/test_pkg/package.sh'
[5.360s] INFO:colcon.colcon_core.shell:Creating package script '/home/kanzie/Desktop/test_ws/src/install/test_pkg/share/test_pkg/package.bash'
[5.361s] INFO:colcon.colcon_core.shell:Creating package script '/home/kanzie/Desktop/test_ws/src/install/test_pkg/share/test_pkg/package.zsh'
[5.362s] Level 1:colcon.colcon_core.environment:create_file_with_runtime_dependencies(/home/kanzie/Desktop/test_ws/src/install/test_pkg/share/colcon-core/packages/test_pkg)
[5.362s] DEBUG:colcon.colcon_parallel_executor.executor.parallel:closing loop
[5.363s] DEBUG:colcon.colcon_parallel_executor.executor.parallel:loop closed
[5.363s] DEBUG:colcon.colcon_parallel_executor.executor.parallel:run_until_complete finished with '0'
[5.363s] DEBUG:colcon.colcon_core.event_reactor:joining thread
[5.422s] INFO:colcon.colcon_core.plugin_system:Skipping extension 'colcon_notification.desktop_notification.terminal_notifier': Not used on non-Darwin systems
[5.422s] INFO:colcon.colcon_core.plugin_system:Skipping extension 'colcon_notification.desktop_notification.win32': Not used on non-Windows systems
[5.422s] INFO:colcon.colcon_notification.desktop_notification:Sending desktop notification using 'notify2'
[5.439s] DEBUG:colcon.colcon_core.event_reactor:joined thread
[5.489s] INFO:colcon.colcon_core.shell:Creating prefix script '/home/kanzie/Desktop/test_ws/src/install/local_setup.ps1'
[5.490s] INFO:colcon.colcon_core.shell:Creating prefix util module '/home/kanzie/Desktop/test_ws/src/install/_local_setup_util_ps1.py'
[5.492s] INFO:colcon.colcon_core.shell:Creating prefix chain script '/home/kanzie/Desktop/test_ws/src/install/setup.ps1'
[5.542s] INFO:colcon.colcon_core.shell:Creating prefix script '/home/kanzie/Desktop/test_ws/src/install/local_setup.sh'
[5.543s] INFO:colcon.colcon_core.shell:Creating prefix util module '/home/kanzie/Desktop/test_ws/src/install/_local_setup_util_sh.py'
[5.544s] INFO:colcon.colcon_core.shell:Creating prefix chain script '/home/kanzie/Desktop/test_ws/src/install/setup.sh'
[5.594s] INFO:colcon.colcon_core.shell:Creating prefix script '/home/kanzie/Desktop/test_ws/src/install/local_setup.bash'
[5.595s] INFO:colcon.colcon_core.shell:Creating prefix chain script '/home/kanzie/Desktop/test_ws/src/install/setup.bash'
[5.643s] INFO:colcon.colcon_core.shell:Creating prefix script '/home/kanzie/Desktop/test_ws/src/install/local_setup.zsh'
[5.644s] INFO:colcon.colcon_core.shell:Creating prefix chain script '/home/kanzie/Desktop/test_ws/src/install/setup.zsh'
